2018-11-08T18:09:30+00:00 CRITICAL Uncaught SoapFault exception: [soap:Server] El servidor no puede procesar la solicitud. ---> Timeout de solicitud de conexión in /home/fhc/web/funerariahogardecristo.cl/public_html/wp-content/themes/divi-child/template-obituarios.php:202
Stack trace:
#0 /home/fhc/web/funerariahogardecristo.cl/public_html/wp-content/themes/divi-child/template-obituarios.php(202): SoapClient->__call('Obituario', Array)
#1 /home/fhc/web/funerariahogardecristo.cl/public_html/wp-includes/template-loader.php(74): include('/home/fhc/web/f...')
#2 /home/fhc/web/funerariahogardecristo.cl/public_html/wp-blog-header.php(19): require_once('/home/fhc/web/f...')
#3 /home/fhc/web/funerariahogardecristo.cl/public_html/index.php(17): require('/home/fhc/web/f...')
#4 {main}
  thrown

2018-11-08T18:09:48+00:00 CRITICAL Uncaught SoapFault exception: [soap:Server] El servidor no puede procesar la solicitud. ---> Timeout de solicitud de conexión in /home/fhc/web/funerariahogardecristo.cl/public_html/wp-content/themes/divi-child/template-obituarios.php:202
Stack trace:
#0 /home/fhc/web/funerariahogardecristo.cl/public_html/wp-content/themes/divi-child/template-obituarios.php(202): SoapClient->__call('Obituario', Array)
#1 /home/fhc/web/funerariahogardecristo.cl/public_html/wp-includes/template-loader.php(74): include('/home/fhc/web/f...')
#2 /home/fhc/web/funerariahogardecristo.cl/public_html/wp-blog-header.php(19): require_once('/home/fhc/web/f...')
#3 /home/fhc/web/funerariahogardecristo.cl/public_html/index.php(17): require('/home/fhc/web/f...')
#4 {main}
  thrown

2018-11-08T18:10:05+00:00 CRITICAL Uncaught SoapFault exception: [soap:Server] El servidor no puede procesar la solicitud. ---> Timeout de solicitud de conexión in /home/fhc/web/funerariahogardecristo.cl/public_html/wp-content/themes/divi-child/template-obituarios.php:202
Stack trace:
#0 /home/fhc/web/funerariahogardecristo.cl/public_html/wp-content/themes/divi-child/template-obituarios.php(202): SoapClient->__call('Obituario', Array)
#1 /home/fhc/web/funerariahogardecristo.cl/public_html/wp-includes/template-loader.php(74): include('/home/fhc/web/f...')
#2 /home/fhc/web/funerariahogardecristo.cl/public_html/wp-blog-header.php(19): require_once('/home/fhc/web/f...')
#3 /home/fhc/web/funerariahogardecristo.cl/public_html/index.php(17): require('/home/fhc/web/f...')
#4 {main}
  thrown

2018-11-08T18:10:11+00:00 CRITICAL Uncaught SoapFault exception: [soap:Server] El servidor no puede procesar la solicitud. ---> Timeout de solicitud de conexión in /home/fhc/web/funerariahogardecristo.cl/public_html/wp-content/themes/divi-child/template-obituarios.php:202
Stack trace:
#0 /home/fhc/web/funerariahogardecristo.cl/public_html/wp-content/themes/divi-child/template-obituarios.php(202): SoapClient->__call('Obituario', Array)
#1 /home/fhc/web/funerariahogardecristo.cl/public_html/wp-includes/template-loader.php(74): include('/home/fhc/web/f...')
#2 /home/fhc/web/funerariahogardecristo.cl/public_html/wp-blog-header.php(19): require_once('/home/fhc/web/f...')
#3 /home/fhc/web/funerariahogardecristo.cl/public_html/index.php(17): require('/home/fhc/web/f...')
#4 {main}
  thrown

2018-11-08T18:10:22+00:00 CRITICAL Uncaught SoapFault exception: [soap:Server] El servidor no puede procesar la solicitud. ---> Timeout de solicitud de conexión in /home/fhc/web/funerariahogardecristo.cl/public_html/wp-content/themes/divi-child/template-obituarios.php:202
Stack trace:
#0 /home/fhc/web/funerariahogardecristo.cl/public_html/wp-content/themes/divi-child/template-obituarios.php(202): SoapClient->__call('Obituario', Array)
#1 /home/fhc/web/funerariahogardecristo.cl/public_html/wp-includes/template-loader.php(74): include('/home/fhc/web/f...')
#2 /home/fhc/web/funerariahogardecristo.cl/public_html/wp-blog-header.php(19): require_once('/home/fhc/web/f...')
#3 /home/fhc/web/funerariahogardecristo.cl/public_html/index.php(17): require('/home/fhc/web/f...')
#4 {main}
  thrown

