[2018-10-17 16:17:04] [INFO ] [1335] [initTransaction] [{"sharesAmount":null,"sharesNumber":null,"amount":1841000,"commerceCode":"597020000540","buyOrder":1335}] [{"token":"e5ecd7a4e1b5f2e23a66789bd9cbd1880932fb7f7d7eb7b4d019c26110c7c405","url":"https:\/\/webpay3gint.transbank.cl\/webpayserver\/initTransaction"}] 
[2018-10-17 16:17:42] [INFO ] [] [acknowledgeTransaction] ["e5ecd7a4e1b5f2e23a66789bd9cbd1880932fb7f7d7eb7b4d019c26110c7c405"] [true] 
[2018-10-17 16:17:42] [INFO ] [1335] [getTransactionResult] ["e5ecd7a4e1b5f2e23a66789bd9cbd1880932fb7f7d7eb7b4d019c26110c7c405"] [null] 
[2018-10-17 16:30:59] [INFO ] [1341] [initTransaction] [{"sharesAmount":null,"sharesNumber":null,"amount":1,"commerceCode":"597020000540","buyOrder":1341}] [{"token":"e43bc924be74a91ca43c32e621041d2638dd87a576aeb0cee4652eb76c08c3eb","url":"https:\/\/webpay3gint.transbank.cl\/webpayserver\/initTransaction"}] 
[2018-10-17 16:31:42] [INFO ] [] [acknowledgeTransaction] ["e43bc924be74a91ca43c32e621041d2638dd87a576aeb0cee4652eb76c08c3eb"] [true] 
[2018-10-17 16:31:42] [INFO ] [1341] [getTransactionResult] ["e43bc924be74a91ca43c32e621041d2638dd87a576aeb0cee4652eb76c08c3eb"] [null] 
[2018-10-17 16:38:20] [INFO ] [1344] [initTransaction] [{"sharesAmount":null,"sharesNumber":null,"amount":5421901,"commerceCode":"597020000540","buyOrder":1344}] [{"token":"e5dfd0bc979944653011e0a251423f02c7d990669c35d8701233eb4af683e39e","url":"https:\/\/webpay3gint.transbank.cl\/webpayserver\/initTransaction"}] 
[2018-10-17 16:51:23] [INFO ] [1347] [initTransaction] [{"sharesAmount":null,"sharesNumber":null,"amount":1,"commerceCode":"597020000540","buyOrder":1347}] [{"token":"e0f0a41eb25444c8bfedef478b2040b5205cacfbd7001521617bcc5c5f658dba","url":"https:\/\/webpay3gint.transbank.cl\/webpayserver\/initTransaction"}] 
[2018-10-17 16:52:51] [INFO ] [] [acknowledgeTransaction] ["e0f0a41eb25444c8bfedef478b2040b5205cacfbd7001521617bcc5c5f658dba"] [true] 
[2018-10-17 16:52:51] [INFO ] [1347] [getTransactionResult] ["e0f0a41eb25444c8bfedef478b2040b5205cacfbd7001521617bcc5c5f658dba"] [null] 
[2018-10-17 16:59:03] [INFO ] [1350] [initTransaction] [{"sharesAmount":null,"sharesNumber":null,"amount":1,"commerceCode":"597020000540","buyOrder":1350}] [{"token":"e407b14403ff5ebb3114fa3d22e932f69933cb9865a2b70bfdfa46c3705549b6","url":"https:\/\/webpay3gint.transbank.cl\/webpayserver\/initTransaction"}] 
[2018-10-17 16:59:44] [INFO ] [1350] [initTransaction] [{"sharesAmount":null,"sharesNumber":null,"amount":1,"commerceCode":"597020000540","buyOrder":1350}] [{"token":"ef6e50c4b7fc3160db5382d44ac45ae203494ee74feadc2dec82db44d43c0c5d","url":"https:\/\/webpay3gint.transbank.cl\/webpayserver\/initTransaction"}] 
[2018-10-17 17:00:25] [INFO ] [] [acknowledgeTransaction] ["ef6e50c4b7fc3160db5382d44ac45ae203494ee74feadc2dec82db44d43c0c5d"] [true] 
[2018-10-17 17:00:25] [INFO ] [1350] [getTransactionResult] ["ef6e50c4b7fc3160db5382d44ac45ae203494ee74feadc2dec82db44d43c0c5d"] [null] 
[2018-10-17 17:40:07] [INFO ] [1357] [initTransaction] [{"sharesAmount":null,"sharesNumber":null,"amount":1,"commerceCode":"597020000540","buyOrder":1357}] [{"token":"ea12e068e1dbfd35971bfaca82ec5e745e69615915f0f6e2f5b97dd59eefa781","url":"https:\/\/webpay3gint.transbank.cl\/webpayserver\/initTransaction"}] 
[2018-10-17 17:42:04] [INFO ] [] [acknowledgeTransaction] ["ea12e068e1dbfd35971bfaca82ec5e745e69615915f0f6e2f5b97dd59eefa781"] [true] 
[2018-10-17 17:42:04] [INFO ] [1357] [getTransactionResult] ["ea12e068e1dbfd35971bfaca82ec5e745e69615915f0f6e2f5b97dd59eefa781"] [null] 
[2018-10-17 17:44:52] [INFO ] [1358] [initTransaction] [{"sharesAmount":null,"sharesNumber":null,"amount":1,"commerceCode":"597020000540","buyOrder":1358}] [{"token":"eb49cbcba47b5b10467fcda4638a4b7d0eb19373116028035d003f599e06351b","url":"https:\/\/webpay3gint.transbank.cl\/webpayserver\/initTransaction"}] 
[2018-10-17 17:45:18] [INFO ] [1358] [acknowledgeTransaction] ["eb49cbcba47b5b10467fcda4638a4b7d0eb19373116028035d003f599e06351b"] [true] 
[2018-10-17 17:45:18] [INFO ] [1358] [getTransactionResult] ["eb49cbcba47b5b10467fcda4638a4b7d0eb19373116028035d003f599e06351b"] [null] 
[2018-10-17 17:48:31] [INFO ] [1359] [initTransaction] [{"sharesAmount":null,"sharesNumber":null,"amount":1,"commerceCode":"597020000540","buyOrder":1359}] [{"token":"e9271ab655d1d379c7c190046dbc7370d3506d48404101b4e2af4f4dfd19a086","url":"https:\/\/webpay3gint.transbank.cl\/webpayserver\/initTransaction"}] 
[2018-10-17 17:49:18] [INFO ] [] [acknowledgeTransaction] ["e9271ab655d1d379c7c190046dbc7370d3506d48404101b4e2af4f4dfd19a086"] [true] 
[2018-10-17 17:49:18] [INFO ] [1359] [getTransactionResult] ["e9271ab655d1d379c7c190046dbc7370d3506d48404101b4e2af4f4dfd19a086"] [null] 
[2018-10-17 17:52:38] [INFO ] [1360] [initTransaction] [{"sharesAmount":null,"sharesNumber":null,"amount":1,"commerceCode":"597020000540","buyOrder":1360}] [{"token":"ee70090842591e90b767eb13298e3e02f5bddf7b69f86e3bae9cd74e09c99199","url":"https:\/\/webpay3gint.transbank.cl\/webpayserver\/initTransaction"}] 
[2018-10-17 17:53:02] [INFO ] [1360] [acknowledgeTransaction] ["ee70090842591e90b767eb13298e3e02f5bddf7b69f86e3bae9cd74e09c99199"] [true] 
[2018-10-17 17:53:02] [INFO ] [1360] [getTransactionResult] ["ee70090842591e90b767eb13298e3e02f5bddf7b69f86e3bae9cd74e09c99199"] [null] 
[2018-10-17 18:23:28] [INFO ] [1361] [initTransaction] [{"sharesAmount":null,"sharesNumber":null,"amount":1,"commerceCode":"597032720226","buyOrder":1361}] [{"token":"efa00c5f07ccf6aba14a5d6af45ddbb37a644051e8f7e396c0d48c6255c7f315","url":"https:\/\/webpay3g.transbank.cl:443\/webpayserver\/initTransaction"}] 
[2018-10-17 18:24:01] [INFO ] [1362] [initTransaction] [{"sharesAmount":null,"sharesNumber":null,"amount":1,"commerceCode":"597032720226","buyOrder":1362}] [{"token":"efb2ba8b9d54cb7567be039782dea7e262420989d587c702e841afbf2f2a5589","url":"https:\/\/webpay3g.transbank.cl:443\/webpayserver\/initTransaction"}] 
[2018-10-17 18:24:36] [INFO ] [] [acknowledgeTransaction] ["efa00c5f07ccf6aba14a5d6af45ddbb37a644051e8f7e396c0d48c6255c7f315"] [true] 
[2018-10-17 18:24:36] [INFO ] [1361] [getTransactionResult] ["efa00c5f07ccf6aba14a5d6af45ddbb37a644051e8f7e396c0d48c6255c7f315"] [null] 
[2018-10-17 18:25:40] [INFO ] [] [acknowledgeTransaction] ["efb2ba8b9d54cb7567be039782dea7e262420989d587c702e841afbf2f2a5589"] [true] 
[2018-10-17 18:25:40] [INFO ] [1362] [getTransactionResult] ["efb2ba8b9d54cb7567be039782dea7e262420989d587c702e841afbf2f2a5589"] [null] 
[2018-10-17 20:54:35] [INFO ] [1403] [initTransaction] [{"sharesAmount":null,"sharesNumber":null,"amount":7701901,"commerceCode":"597032720226","buyOrder":1403}] [{"token":"e874c7fe56a5a93d46708aa031437f0b76668c8e99983bee7ce8db5bb407e10c","url":"https:\/\/webpay3g.transbank.cl:443\/webpayserver\/initTransaction"}] 
[2018-10-17 21:16:28] [INFO ] [1403] [initTransaction] [{"sharesAmount":null,"sharesNumber":null,"amount":7701901,"commerceCode":"597032720226","buyOrder":1403}] [{"token":"e96e3f025f3d0a9d21fa6f0bb274b41bec22b56ef78b2822489ca7878d957668","url":"https:\/\/webpay3g.transbank.cl:443\/webpayserver\/initTransaction"}] 
[2018-10-17 21:23:10] [INFO ] [1403] [initTransaction] [{"sharesAmount":null,"sharesNumber":null,"amount":7701901,"commerceCode":"597032720226","buyOrder":1403}] [{"token":"e2449bb2b765c84b7f07a25821bef151662e7cc236ec360e65d838d094f28156","url":"https:\/\/webpay3g.transbank.cl:443\/webpayserver\/initTransaction"}] 
[2018-10-17 21:27:36] [INFO ] [1403] [initTransaction] [{"sharesAmount":null,"sharesNumber":null,"amount":7701901,"commerceCode":"597032720226","buyOrder":1403}] [{"token":"ef879be6f1e31aa6142d6f83005997b592ecf98ae1d49ba06ceebd976756d075","url":"https:\/\/webpay3g.transbank.cl:443\/webpayserver\/initTransaction"}] 
[2018-10-17 21:28:30] [INFO ] [1403] [initTransaction] [{"sharesAmount":null,"sharesNumber":null,"amount":7701901,"commerceCode":"597032720226","buyOrder":1403}] [{"token":"e4955cf194e1254f0747c6273be5a6dc88b00ea9b6cc16ae3c90be9bb526c551","url":"https:\/\/webpay3g.transbank.cl:443\/webpayserver\/initTransaction"}] 
[2018-10-17 21:29:18] [INFO ] [1403] [initTransaction] [{"sharesAmount":null,"sharesNumber":null,"amount":7701901,"commerceCode":"597032720226","buyOrder":1403}] [{"token":"e297b14549bb6e9590e24025ffbc6a06ffad605a88a48a22e23a0378f4d108ae","url":"https:\/\/webpay3g.transbank.cl:443\/webpayserver\/initTransaction"}] 
[2018-10-17 21:31:36] [INFO ] [1403] [initTransaction] [{"sharesAmount":null,"sharesNumber":null,"amount":7701901,"commerceCode":"597032720226","buyOrder":1403}] [{"token":"e4355503f14edd8eb6e5f57969309c898c7894057039e0161cf80e6f014feb2f","url":"https:\/\/webpay3g.transbank.cl:443\/webpayserver\/initTransaction"}] 
