[2018-10-12 13:27:04] [INFO ] [1166] [initTransaction] [{"sharesAmount":null,"sharesNumber":null,"amount":1,"commerceCode":"597032720226","buyOrder":1166}] [{"token":"e8c788e048f3c94c40953d59218886d5ea7df415c89072feb6a42976c2749a4d","url":"https:\/\/webpay3g.transbank.cl:443\/webpayserver\/initTransaction"}] 
[2018-10-12 13:28:13] [INFO ] [1166] [initTransaction] [{"sharesAmount":null,"sharesNumber":null,"amount":1,"commerceCode":"597032720226","buyOrder":1166}] [{"token":"e922ee79864e1b0a4653904f57e87b0e2e6fa38a23da849c6ed11dc505c1c6ad","url":"https:\/\/webpay3g.transbank.cl:443\/webpayserver\/initTransaction"}] 
[2018-10-12 13:29:27] [INFO ] [] [acknowledgeTransaction] ["e922ee79864e1b0a4653904f57e87b0e2e6fa38a23da849c6ed11dc505c1c6ad"] [true] 
[2018-10-12 13:29:27] [INFO ] [1166] [getTransactionResult] ["e922ee79864e1b0a4653904f57e87b0e2e6fa38a23da849c6ed11dc505c1c6ad"] [null] 
[2018-10-12 16:31:00] [ERROR] [_Healthcheck_] [initTransaction] [{"sharesAmount":null,"sharesNumber":null,"amount":9990,"commerceCode":"597032720226","buyOrder":"_Healthcheck_"}] [{"error":"Error conectando a Webpay","detail":"<!-- Invalid return url(304) -->"}] 
[2018-10-12 16:31:33] [ERROR] [_Healthcheck_] [initTransaction] [{"sharesAmount":null,"sharesNumber":null,"amount":9990,"commerceCode":"32720226","buyOrder":"_Healthcheck_"}] [{"error":"Error conectando a Webpay","detail":"<!-- Invalid return url(304) -->"}] 
[2018-10-12 16:32:07] [ERROR] [_Healthcheck_] [initTransaction] [{"sharesAmount":null,"sharesNumber":null,"amount":9990,"commerceCode":"597032720226","buyOrder":"_Healthcheck_"}] [{"error":"Error conectando a Webpay","detail":"<!-- Invalid return url(304) -->"}] 
[2018-10-12 16:33:47] [ERROR] [_Healthcheck_] [initTransaction] [{"sharesAmount":null,"sharesNumber":null,"amount":9990,"commerceCode":"597032720226","buyOrder":"_Healthcheck_"}] [{"error":"Error conectando a Webpay","detail":"<!-- Invalid return url(304) -->"}] 
[2018-10-12 16:35:33] [ERROR] [_Healthcheck_] [initTransaction] [{"sharesAmount":null,"sharesNumber":null,"amount":9990,"commerceCode":"597032720226","buyOrder":"_Healthcheck_"}] [{"error":"Error conectando a Webpay","detail":"<!-- Invalid return url(304) -->"}] 
[2018-10-12 16:36:16] [ERROR] [_Healthcheck_] [initTransaction] [{"sharesAmount":null,"sharesNumber":null,"amount":9990,"commerceCode":"597032720226","buyOrder":"_Healthcheck_"}] [{"error":"Error conectando a Webpay","detail":"<!-- Invalid return url(304) -->"}] 
[2018-10-12 16:37:04] [ERROR] [_Healthcheck_] [initTransaction] [{"sharesAmount":null,"sharesNumber":null,"amount":9990,"commerceCode":"597032720226","buyOrder":"_Healthcheck_"}] [{"error":"Error conectando a Webpay","detail":"<!-- Invalid return url(304) -->"}] 
[2018-10-12 16:37:24] [ERROR] [_Healthcheck_] [initTransaction] [{"sharesAmount":null,"sharesNumber":null,"amount":9990,"commerceCode":"597032720226","buyOrder":"_Healthcheck_"}] [{"error":"Error conectando a Webpay","detail":"<!-- Invalid return url(304) -->"}] 
[2018-10-12 16:46:24] [ERROR] [_prueba_] [initTransaction] [{"sharesAmount":null,"sharesNumber":null,"amount":9990,"commerceCode":"597032720226","buyOrder":"_prueba_"}] [{"error":"Error conectando a Webpay","detail":"<!-- Invalid return url(304) -->"}] 
[2018-10-12 16:46:44] [ERROR] [_prueba_] [initTransaction] [{"sharesAmount":null,"sharesNumber":null,"amount":9990,"commerceCode":"597032720226","buyOrder":"_prueba_"}] [{"error":"Error conectando a Webpay","detail":"<!-- Invalid return url(304) -->"}] 
[2018-10-12 16:47:20] [ERROR] [_prueba_] [initTransaction] [{"sharesAmount":null,"sharesNumber":null,"amount":9990,"commerceCode":"597032720226","buyOrder":"_prueba_"}] [{"error":"Error conectando a Webpay","detail":"<!-- Invalid return url(304) -->"}] 
[2018-10-12 16:47:26] [ERROR] [_prueba_] [initTransaction] [{"sharesAmount":null,"sharesNumber":null,"amount":9990,"commerceCode":"597032720226","buyOrder":"_prueba_"}] [{"error":"Error conectando a Webpay","detail":"<!-- Invalid return url(304) -->"}] 
[2018-10-12 16:47:32] [ERROR] [_prueba_] [initTransaction] [{"sharesAmount":null,"sharesNumber":null,"amount":9990,"commerceCode":"597032720226","buyOrder":"_prueba_"}] [{"error":"Error conectando a Webpay","detail":"<!-- Invalid return url(304) -->"}] 
[2018-10-12 16:51:13] [ERROR] [_Healthcheck_] [initTransaction] [{"sharesAmount":null,"sharesNumber":null,"amount":9990,"commerceCode":"597032720226","buyOrder":"_Healthcheck_"}] [{"error":"Error conectando a Webpay","detail":"<!-- Invalid return url(304) -->"}] 
[2018-10-12 16:55:48] [INFO ] [1172] [initTransaction] [{"sharesAmount":null,"sharesNumber":null,"amount":1,"commerceCode":"597032720226","buyOrder":1172}] [{"token":"e5ba64def61d57cf0362700a2e4e1015218d9e6e76f0b7f04ac9856cebbb94c0","url":"https:\/\/webpay3g.transbank.cl:443\/webpayserver\/initTransaction"}] 
[2018-10-12 16:57:15] [INFO ] [] [acknowledgeTransaction] ["e5ba64def61d57cf0362700a2e4e1015218d9e6e76f0b7f04ac9856cebbb94c0"] [true] 
[2018-10-12 16:57:15] [INFO ] [1172] [getTransactionResult] ["e5ba64def61d57cf0362700a2e4e1015218d9e6e76f0b7f04ac9856cebbb94c0"] [null] 
